<?xml version="1.0" encoding="UTF-8"?>
<!-- Generated by org.testng.reporters.JUnitReportReporter -->
<testsuite hostname="DESKTOP-9HTBPRE" name="spiceJet.RND" tests="2" failures="0" timestamp="21 Nov 2019 08:07:34 GMT" time="0.016" errors="0">
  <testcase name="write" time="0.016" classname="spiceJet.RND"/>
  <testcase name="xyz" time="0.000" classname="spiceJet.RND"/>
</testsuite> <!-- spiceJet.RND -->
