<?xml version="1.0" encoding="UTF-8"?>
<!-- Generated by org.testng.reporters.JUnitReportReporter -->
<testsuite hostname="DESKTOP-9HTBPRE" name="spiceJet.Home2" tests="2" failures="0" timestamp="21 Nov 2019 08:07:34 GMT" time="0.004" errors="0">
  <testcase name="write" time="0.004" classname="spiceJet.Home2"/>
  <testcase name="xyz" time="0.000" classname="spiceJet.Home2"/>
</testsuite> <!-- spiceJet.Home2 -->
