<?xml version="1.0" encoding="UTF-8"?>
<!-- Generated by org.testng.reporters.JUnitReportReporter -->
<testsuite hostname="DESKTOP-9HTBPRE" name="spiceJet.HomeNew" tests="1" failures="0" timestamp="20 Nov 2019 04:42:53 GMT" time="21.655" errors="0">
  <testcase name="doubleclick" time="21.655" classname="spiceJet.HomeNew"/>
</testsuite> <!-- spiceJet.HomeNew -->
