<?xml version="1.0" encoding="UTF-8"?>
<!-- Generated by org.testng.reporters.JUnitReportReporter -->
<testsuite hostname="DESKTOP-9HTBPRE" name="spiceJet.HomePage" tests="1" failures="0" timestamp="17 Nov 2019 12:53:28 GMT" time="31.611" errors="0">
  <testcase name="dropdown" time="31.611" classname="spiceJet.HomePage"/>
</testsuite> <!-- spiceJet.HomePage -->
