<?xml version="1.0" encoding="UTF-8"?>
<!-- Generated by org.testng.reporters.JUnitReportReporter -->
<testsuite hostname="DESKTOP-9HTBPRE" name="spiceJet.HomeNew" tests="3" failures="0" timestamp="19 Nov 2019 07:52:16 GMT" time="85.467" errors="0">
  <testcase name="invokeDriver" time="32.380" classname="spiceJet.HomeNew"/>
  <testcase name="dropdown" time="19.895" classname="spiceJet.HomeNew"/>
  <testcase name="hoveronElemet" time="33.192" classname="spiceJet.HomeNew"/>
</testsuite> <!-- spiceJet.HomeNew -->
